<?xml version="1.0" encoding="UTF-8"?>
<testng-results ignored="0" total="1" passed="1" failed="0" skipped="0">
  <reporter-output>
  </reporter-output>
  <suite started-at="2024-09-07T19:24:04 IST" name="Suite" finished-at="2024-09-07T19:24:31 IST" duration-ms="26490">
    <groups>
    </groups>
    <test started-at="2024-09-07T19:24:04 IST" name="Test" finished-at="2024-09-07T19:24:31 IST" duration-ms="26490">
      <class name="testCases.TC_LoginTest">
        <test-method is-config="true" signature="setup()[pri:0, instance:testCases.TC_LoginTest@55322aab]" started-at="2024-09-07T19:24:04 IST" name="setup" finished-at="2024-09-07T19:24:15 IST" duration-ms="10089" status="PASS">
          <reporter-output>
          </reporter-output>
        </test-method> <!-- setup -->
        <test-method signature="verify_login()[pri:0, instance:testCases.TC_LoginTest@55322aab]" started-at="2024-09-07T19:24:15 IST" name="verify_login" finished-at="2024-09-07T19:24:31 IST" duration-ms="16332" status="PASS">
          <reporter-output>
          </reporter-output>
        </test-method> <!-- verify_login -->
        <test-method is-config="true" signature="tearDown()[pri:0, instance:testCases.TC_LoginTest@55322aab]" started-at="2024-09-07T19:24:31 IST" name="tearDown" finished-at="2024-09-07T19:24:31 IST" duration-ms="3" status="PASS">
          <reporter-output>
          </reporter-output>
        </test-method> <!-- tearDown -->
      </class> <!-- testCases.TC_LoginTest -->
    </test> <!-- Test -->
  </suite> <!-- Suite -->
</testng-results>
